2024-06-25 14:16:46.803 heather @0000000000000000000000000000000000000000 (1343664)> writing 1005960 bytes to cache/hgtagsfnodes1
2024-06-25 14:16:47.033 heather @0000000000000000000000000000000000000000 (1343664)> updated branch cache (served) in 0.1509 seconds
2024-06-25 14:16:47.034 heather @0000000000000000000000000000000000000000 (1343664)> wrote branch cache (served) with 27 labels and 27 nodes
2024-06-25 14:16:47.037 heather @0000000000000000000000000000000000000000 (1343664)> updated evo-ext-obscache in 0.0001 seconds (41915r, 0o)
2024-06-25 14:16:47.479 heather @0000000000000000000000000000000000000000 (1343664)> writing 48 bytes to cache/hgtagsfnodes1
2024-06-25 14:16:47.712 heather @0000000000000000000000000000000000000000 (1343664)> updated branch cache (served) in 0.0001 seconds
2024-06-25 14:16:47.713 heather @0000000000000000000000000000000000000000 (1343664)> wrote branch cache (served) with 27 labels and 27 nodes
2024-06-25 14:16:47.713 heather @0000000000000000000000000000000000000000 (1343664)> updated branch cache (served.hidden) in 0.0001 seconds
2024-06-25 14:16:47.714 heather @0000000000000000000000000000000000000000 (1343664)> wrote branch cache (served.hidden) with 27 labels and 27 nodes
2024-06-25 14:16:47.714 heather @0000000000000000000000000000000000000000 (1343664)> updated evo-ext-obscache in 0.0000 seconds (2r, 0o)
2024-06-25 14:16:48.196 heather @0000000000000000000000000000000000000000 (1343664)> 41915 incoming changes - new heads: 920e10d56434, 4695df0fa856, 69596360bfb5, 0b85d8abddab, 3ca2da0c5ce4, 651cb6ad1e72, 906765f2ec51, ba0c4f045733, cbfd5b8b45ef, aaaa6b4a78b0, bd497d9287fd, 4e7fb51c54e3, ca825fed034f, bddcf2cbda49, 47afe8ab6ac5, c77ee002784c, 3f0e2a8b4929, ffcdb5214265, d131f69facdf, cd34c4adfdc1, a98147447d52, 0b9559fc58ea, fa695dc02916, a26329e3613a, 72b69e4288be, bb563530cbcf, 2216dee4ad3a
2024-06-25 14:16:48.197 heather @0000000000000000000000000000000000000000 (1343664)> 2 incoming changes - new heads: 597ecc8eb8a8
2024-06-25 14:16:55.482 heather @597ecc8eb8a888270d915e44844db9d10819b795 (1343664)> updated evo-ext-firstmerge in 0.1011 seconds (41917r)
2024-06-25 14:16:55.609 heather @597ecc8eb8a888270d915e44844db9d10819b795 (1343664)> updated evo-ext-depthcache in 0.1031 seconds (41917r)
2024-06-25 14:16:55.759 heather @597ecc8eb8a888270d915e44844db9d10819b795 (1343664)> updated evo-ext-stablesort in 0.1285 seconds (41917r)
2024-06-25 14:17:00.603 heather @597ecc8eb8a888270d915e44844db9d10819b795 (1343664)> updated evo-ext-stablerange-mergepoint in 4.8246 seconds (41917r)
2024-06-25 14:17:06.142 heather @597ecc8eb8a888270d915e44844db9d10819b795 (1343664)> updated evo-ext-obshashrange in 1.1856 seconds (41917r, 0o)
2024-06-25 14:17:09.408 heather @597ecc8eb8a888270d915e44844db9d10819b795 (1343664)> 27/27 cache hits/lookups in 0.0006 seconds
2024-06-25 14:17:09.412 heather @597ecc8eb8a888270d915e44844db9d10819b795 (1343664)> writing .hg/cache/tags2 with 240 tags
2024-06-25 14:17:09.414 heather @597ecc8eb8a888270d915e44844db9d10819b795 (1343664)> 27/27 cache hits/lookups in 0.0004 seconds
2024-06-25 14:17:09.418 heather @597ecc8eb8a888270d915e44844db9d10819b795 (1343664)> writing .hg/cache/tags2-served with 240 tags
2024-06-25 14:17:09.420 heather @597ecc8eb8a888270d915e44844db9d10819b795 (1343664)> wrote branch cache (visible) with 27 labels and 27 nodes
2024-06-25 14:17:09.420 heather @597ecc8eb8a888270d915e44844db9d10819b795 (1343664)> wrote branch cache (visible-hidden) with 27 labels and 27 nodes
2024-06-25 14:17:09.421 heather @597ecc8eb8a888270d915e44844db9d10819b795 (1343664)> wrote branch cache (served.hidden) with 27 labels and 27 nodes
2024-06-25 14:17:09.422 heather @597ecc8eb8a888270d915e44844db9d10819b795 (1343664)> wrote branch cache (served) with 27 labels and 27 nodes
2024-06-25 14:17:09.552 heather @597ecc8eb8a888270d915e44844db9d10819b795 (1343664)> updated branch cache (base) in 0.1288 seconds
2024-06-25 14:17:09.552 heather @597ecc8eb8a888270d915e44844db9d10819b795 (1343664)> wrote branch cache (base) with 27 labels and 27 nodes
2024-06-25 14:17:09.553 heather @597ecc8eb8a888270d915e44844db9d10819b795 (1343664)> wrote branch cache (immutable) with 27 labels and 27 nodes
2024-06-25 14:17:09.554 heather @597ecc8eb8a888270d915e44844db9d10819b795 (1343664)> wrote branch cache (base) with 27 labels and 27 nodes
2024-06-25 14:17:09.555 heather @597ecc8eb8a888270d915e44844db9d10819b795 (1343664)> clone 'https://hg.mozilla.org/comm-central' thunderbird-github exited 0 after 66.83 seconds
2024-06-25 14:17:48.622 heather @597ecc8eb8a888270d915e44844db9d10819b795 (1344054)> log
2024-06-25 14:17:48.674 heather @597ecc8eb8a888270d915e44844db9d10819b795 (1344054)> 27/27 cache hits/lookups in 0.0046 seconds
2024-06-25 14:17:48.680 heather @597ecc8eb8a888270d915e44844db9d10819b795 (1344054)> writing .hg/cache/tags2-visible with 240 tags
